E:\Github\videocoding\HM-16.0\build\\vc10\x64\Debug\TLibDecoderAnalyser\TLibDecoderAnalyser.lib
E:\GITHUB\VIDEOCODING\HM-16.0\BUILD\VC10\X64\DEBUG\TLIBDECODERANALYSER\ANNEXBREAD.OBJ
E:\Github\videocoding\HM-16.0\build\vc10\x64\Debug\TLibDecoderAnalyser\cl.command.1.tlog
E:\Github\videocoding\HM-16.0\build\vc10\x64\Debug\TLibDecoderAnalyser\CL.read.1.tlog
E:\Github\videocoding\HM-16.0\build\vc10\x64\Debug\TLibDecoderAnalyser\CL.write.1.tlog
E:\Github\videocoding\HM-16.0\build\vc10\x64\Debug\TLibDecoderAnalyser\lib.command.1.tlog
E:\Github\videocoding\HM-16.0\build\vc10\x64\Debug\TLibDecoderAnalyser\Lib-link.read.1.tlog
E:\Github\videocoding\HM-16.0\build\vc10\x64\Debug\TLibDecoderAnalyser\Lib-link.write.1.tlog
E:\GITHUB\VIDEOCODING\HM-16.0\BUILD\VC10\X64\DEBUG\TLIBDECODERANALYSER\NALREAD.OBJ
E:\GITHUB\VIDEOCODING\HM-16.0\BUILD\VC10\X64\DEBUG\TLIBDECODERANALYSER\SEIREAD.OBJ
E:\GITHUB\VIDEOCODING\HM-16.0\BUILD\VC10\X64\DEBUG\TLIBDECODERANALYSER\SYNTAXELEMENTPARSER.OBJ
E:\GITHUB\VIDEOCODING\HM-16.0\BUILD\VC10\X64\DEBUG\TLIBDECODERANALYSER\TDECBINCODERCABAC.OBJ
E:\GITHUB\VIDEOCODING\HM-16.0\BUILD\VC10\X64\DEBUG\TLIBDECODERANALYSER\TDECCAVLC.OBJ
E:\GITHUB\VIDEOCODING\HM-16.0\BUILD\VC10\X64\DEBUG\TLIBDECODERANALYSER\TDECCU.OBJ
E:\GITHUB\VIDEOCODING\HM-16.0\BUILD\VC10\X64\DEBUG\TLIBDECODERANALYSER\TDECENTROPY.OBJ
E:\GITHUB\VIDEOCODING\HM-16.0\BUILD\VC10\X64\DEBUG\TLIBDECODERANALYSER\TDECGOP.OBJ
E:\GITHUB\VIDEOCODING\HM-16.0\BUILD\VC10\X64\DEBUG\TLIBDECODERANALYSER\TDECSBAC.OBJ
E:\GITHUB\VIDEOCODING\HM-16.0\BUILD\VC10\X64\DEBUG\TLIBDECODERANALYSER\TDECSLICE.OBJ
E:\GITHUB\VIDEOCODING\HM-16.0\BUILD\VC10\X64\DEBUG\TLIBDECODERANALYSER\TDECTOP.OBJ
E:\GITHUB\VIDEOCODING\HM-16.0\BUILD\VC10\X64\DEBUG\TLIBDECODERANALYSER\TLIBDECODERANALYSER.LIB
E:\Github\videocoding\HM-16.0\build\vc10\x64\Debug\TLibDecoderAnalyser\TLibDecoderAnalyser.write.1.tlog
E:\Github\videocoding\HM-16.0\build\vc10\x64\Debug\TLibDecoderAnalyser\vc100.idb
E:\GITHUB\VIDEOCODING\HM-16.0\BUILD\VC10\X64\DEBUG\TLIBDECODERANALYSER\VC100.PDB
