生成启动时间为 2015/3/13 14:26:29。
     1>项目“E:\Github\videocoding\HM-16.0\build\vc10\TLibEncoder_vc10.vcxproj”在节点 2 上(build 个目标)。
     1>InitializeBuildStatus:
         正在创建“E:\Github\videocoding\HM-16.0\build\\vc10\x64\Debug\TLibEncoder\TLibEncoder.unsuccessfulbuild”，因为已指定“AlwaysCreate”。
       ClCompile:
         C:\Program Files (x86)\Microsoft Visual Studio 10.0\VC\bin\x86_amd64\CL.exe /c /I"E:\Github\videocoding\HM-16.0\build\\..\source\Lib\\" /I"E:\Github\videocoding\HM-16.0\build\\..\compat\msvc" /Zi /nologo /W3 /WX- /Od /D WIN32 /D _DEBUG /D _LIB /D _CRT_SECURE_NO_WARNINGS /D _MBCS /Gm /EHsc /RTC1 /MTd /GS /fp:precise /Zc:wchar_t /Zc:forScope /Fo"E:\Github\videocoding\HM-16.0\build\\vc10\x64\Debug\TLibEncoder\\" /Fd"E:\Github\videocoding\HM-16.0\build\\vc10\x64\Debug\TLibEncoder\vc100.pdb" /Gd /TP /errorReport:prompt ..\..\source\Lib\TLibEncoder\TEncCu.cpp
         TEncCu.cpp
       Lib:
         C:\Program Files (x86)\Microsoft Visual Studio 10.0\VC\bin\x86_amd64\Lib.exe /OUT:"E:\Github\videocoding\HM-16.0\build\\vc10\x64\Debug\TLibEncoder\TLibEncoder.lib" /NOLOGO "E:\Github\videocoding\HM-16.0\build\\vc10\x64\Debug\TLibEncoder\NALwrite.obj"
         "E:\Github\videocoding\HM-16.0\build\\vc10\x64\Debug\TLibEncoder\SEIwrite.obj"
         "E:\Github\videocoding\HM-16.0\build\\vc10\x64\Debug\TLibEncoder\SyntaxElementWriter.obj"
         "E:\Github\videocoding\HM-16.0\build\\vc10\x64\Debug\TLibEncoder\TEncAnalyze.obj"
         "E:\Github\videocoding\HM-16.0\build\\vc10\x64\Debug\TLibEncoder\TEncBinCoderCABAC.obj"
         "E:\Github\videocoding\HM-16.0\build\\vc10\x64\Debug\TLibEncoder\TEncBinCoderCABACCounter.obj"
         "E:\Github\videocoding\HM-16.0\build\\vc10\x64\Debug\TLibEncoder\TEncCavlc.obj"
         "E:\Github\videocoding\HM-16.0\build\\vc10\x64\Debug\TLibEncoder\TEncCu.obj"
         "E:\Github\videocoding\HM-16.0\build\\vc10\x64\Debug\TLibEncoder\TEncEntropy.obj"
         "E:\Github\videocoding\HM-16.0\build\\vc10\x64\Debug\TLibEncoder\TEncGOP.obj"
         "E:\Github\videocoding\HM-16.0\build\\vc10\x64\Debug\TLibEncoder\TEncPic.obj"
         "E:\Github\videocoding\HM-16.0\build\\vc10\x64\Debug\TLibEncoder\TEncPreanalyzer.obj"
         "E:\Github\videocoding\HM-16.0\build\\vc10\x64\Debug\TLibEncoder\TEncRateCtrl.obj"
         "E:\Github\videocoding\HM-16.0\build\\vc10\x64\Debug\TLibEncoder\TEncSampleAdaptiveOffset.obj"
         "E:\Github\videocoding\HM-16.0\build\\vc10\x64\Debug\TLibEncoder\TEncSbac.obj"
         "E:\Github\videocoding\HM-16.0\build\\vc10\x64\Debug\TLibEncoder\TEncSearch.obj"
         "E:\Github\videocoding\HM-16.0\build\\vc10\x64\Debug\TLibEncoder\TEncSlice.obj"
         "E:\Github\videocoding\HM-16.0\build\\vc10\x64\Debug\TLibEncoder\TEncTop.obj"
         "E:\Github\videocoding\HM-16.0\build\\vc10\x64\Debug\TLibEncoder\WeightPredAnalysis.obj"
         TLibEncoder_vc10.vcxproj -> E:\Github\videocoding\HM-16.0\build\\vc10\x64\Debug\TLibEncoder\TLibEncoder.lib
       FinalizeBuildStatus:
         正在删除文件“E:\Github\videocoding\HM-16.0\build\\vc10\x64\Debug\TLibEncoder\TLibEncoder.unsuccessfulbuild”。
         正在对“E:\Github\videocoding\HM-16.0\build\\vc10\x64\Debug\TLibEncoder\TLibEncoder.lastbuildstate”执行 Touch 任务。
     1>已完成生成项目“E:\Github\videocoding\HM-16.0\build\vc10\TLibEncoder_vc10.vcxproj”(build 个目标)的操作。

生成成功。

已用时间 00:00:01.72
