E:\Github\videocoding\HM-16.0\build\vc10\x64\Debug\TLibEncoder\cl.command.1.tlog
E:\Github\videocoding\HM-16.0\build\vc10\x64\Debug\TLibEncoder\CL.read.1.tlog
E:\Github\videocoding\HM-16.0\build\vc10\x64\Debug\TLibEncoder\CL.write.1.tlog
E:\GITHUB\VIDEOCODING\HM-16.0\BUILD\VC10\X64\DEBUG\TLIBENCODER\NALWRITE.OBJ
E:\GITHUB\VIDEOCODING\HM-16.0\BUILD\VC10\X64\DEBUG\TLIBENCODER\SEIWRITE.OBJ
E:\GITHUB\VIDEOCODING\HM-16.0\BUILD\VC10\X64\DEBUG\TLIBENCODER\SYNTAXELEMENTWRITER.OBJ
E:\GITHUB\VIDEOCODING\HM-16.0\BUILD\VC10\X64\DEBUG\TLIBENCODER\TENCANALYZE.OBJ
E:\GITHUB\VIDEOCODING\HM-16.0\BUILD\VC10\X64\DEBUG\TLIBENCODER\TENCBINCODERCABAC.OBJ
E:\GITHUB\VIDEOCODING\HM-16.0\BUILD\VC10\X64\DEBUG\TLIBENCODER\TENCBINCODERCABACCOUNTER.OBJ
E:\GITHUB\VIDEOCODING\HM-16.0\BUILD\VC10\X64\DEBUG\TLIBENCODER\TENCCAVLC.OBJ
E:\GITHUB\VIDEOCODING\HM-16.0\BUILD\VC10\X64\DEBUG\TLIBENCODER\TENCENTROPY.OBJ
E:\GITHUB\VIDEOCODING\HM-16.0\BUILD\VC10\X64\DEBUG\TLIBENCODER\TENCGOP.OBJ
E:\GITHUB\VIDEOCODING\HM-16.0\BUILD\VC10\X64\DEBUG\TLIBENCODER\TENCPIC.OBJ
E:\GITHUB\VIDEOCODING\HM-16.0\BUILD\VC10\X64\DEBUG\TLIBENCODER\TENCPREANALYZER.OBJ
E:\GITHUB\VIDEOCODING\HM-16.0\BUILD\VC10\X64\DEBUG\TLIBENCODER\TENCRATECTRL.OBJ
E:\GITHUB\VIDEOCODING\HM-16.0\BUILD\VC10\X64\DEBUG\TLIBENCODER\TENCSAMPLEADAPTIVEOFFSET.OBJ
E:\GITHUB\VIDEOCODING\HM-16.0\BUILD\VC10\X64\DEBUG\TLIBENCODER\TENCSBAC.OBJ
E:\GITHUB\VIDEOCODING\HM-16.0\BUILD\VC10\X64\DEBUG\TLIBENCODER\TENCSEARCH.OBJ
E:\GITHUB\VIDEOCODING\HM-16.0\BUILD\VC10\X64\DEBUG\TLIBENCODER\TENCSLICE.OBJ
E:\GITHUB\VIDEOCODING\HM-16.0\BUILD\VC10\X64\DEBUG\TLIBENCODER\TENCTOP.OBJ
E:\Github\videocoding\HM-16.0\build\vc10\x64\Debug\TLibEncoder\TLibEncoder.write.1.tlog
E:\Github\videocoding\HM-16.0\build\vc10\x64\Debug\TLibEncoder\TLibEncoder_vc10.vcxprojResolveAssemblyReference.cache
E:\Github\videocoding\HM-16.0\build\vc10\x64\Debug\TLibEncoder\vc100.idb
E:\GITHUB\VIDEOCODING\HM-16.0\BUILD\VC10\X64\DEBUG\TLIBENCODER\VC100.PDB
E:\GITHUB\VIDEOCODING\HM-16.0\BUILD\VC10\X64\DEBUG\TLIBENCODER\WEIGHTPREDANALYSIS.OBJ
