E:\A_LAB_workplace\Global RDO\HM-16.0_QT_V2\build\\vc10\x64\Release\TLibDecoder\TLibDecoder.lib
E:\A_LAB_WORKPLACE\GLOBAL RDO\HM-16.0_QT_V2\BUILD\VC10\X64\RELEASE\TLIBDECODER\ANNEXBREAD.OBJ
E:\A_LAB_workplace\Global RDO\HM-16.0_QT_V2\build\vc10\x64\Release\TLibDecoder\cl.command.1.tlog
E:\A_LAB_workplace\Global RDO\HM-16.0_QT_V2\build\vc10\x64\Release\TLibDecoder\CL.read.1.tlog
E:\A_LAB_workplace\Global RDO\HM-16.0_QT_V2\build\vc10\x64\Release\TLibDecoder\CL.write.1.tlog
E:\A_LAB_workplace\Global RDO\HM-16.0_QT_V2\build\vc10\x64\Release\TLibDecoder\lib.command.1.tlog
E:\A_LAB_workplace\Global RDO\HM-16.0_QT_V2\build\vc10\x64\Release\TLibDecoder\Lib-link.read.1.tlog
E:\A_LAB_workplace\Global RDO\HM-16.0_QT_V2\build\vc10\x64\Release\TLibDecoder\Lib-link.write.1.tlog
E:\A_LAB_WORKPLACE\GLOBAL RDO\HM-16.0_QT_V2\BUILD\VC10\X64\RELEASE\TLIBDECODER\NALREAD.OBJ
E:\A_LAB_WORKPLACE\GLOBAL RDO\HM-16.0_QT_V2\BUILD\VC10\X64\RELEASE\TLIBDECODER\SEIREAD.OBJ
E:\A_LAB_WORKPLACE\GLOBAL RDO\HM-16.0_QT_V2\BUILD\VC10\X64\RELEASE\TLIBDECODER\SYNTAXELEMENTPARSER.OBJ
E:\A_LAB_WORKPLACE\GLOBAL RDO\HM-16.0_QT_V2\BUILD\VC10\X64\RELEASE\TLIBDECODER\TDECBINCODERCABAC.OBJ
E:\A_LAB_WORKPLACE\GLOBAL RDO\HM-16.0_QT_V2\BUILD\VC10\X64\RELEASE\TLIBDECODER\TDECCAVLC.OBJ
E:\A_LAB_WORKPLACE\GLOBAL RDO\HM-16.0_QT_V2\BUILD\VC10\X64\RELEASE\TLIBDECODER\TDECCU.OBJ
E:\A_LAB_WORKPLACE\GLOBAL RDO\HM-16.0_QT_V2\BUILD\VC10\X64\RELEASE\TLIBDECODER\TDECENTROPY.OBJ
E:\A_LAB_WORKPLACE\GLOBAL RDO\HM-16.0_QT_V2\BUILD\VC10\X64\RELEASE\TLIBDECODER\TDECGOP.OBJ
E:\A_LAB_WORKPLACE\GLOBAL RDO\HM-16.0_QT_V2\BUILD\VC10\X64\RELEASE\TLIBDECODER\TDECSBAC.OBJ
E:\A_LAB_WORKPLACE\GLOBAL RDO\HM-16.0_QT_V2\BUILD\VC10\X64\RELEASE\TLIBDECODER\TDECSLICE.OBJ
E:\A_LAB_WORKPLACE\GLOBAL RDO\HM-16.0_QT_V2\BUILD\VC10\X64\RELEASE\TLIBDECODER\TDECTOP.OBJ
E:\A_LAB_WORKPLACE\GLOBAL RDO\HM-16.0_QT_V2\BUILD\VC10\X64\RELEASE\TLIBDECODER\TLIBDECODER.LIB
E:\A_LAB_workplace\Global RDO\HM-16.0_QT_V2\build\vc10\x64\Release\TLibDecoder\TLibDecoder.write.1.tlog
E:\A_LAB_WORKPLACE\GLOBAL RDO\HM-16.0_QT_V2\BUILD\VC10\X64\RELEASE\TLIBDECODER\VC100.PDB
