E:\A_LAB_workplace\Global RDO\HM-16.0_QT_V2\build\\vc10\x64\Release\TLibEncoder\TLibEncoder.lib
E:\A_LAB_workplace\Global RDO\HM-16.0_QT_V2\build\vc10\x64\Release\TLibEncoder\cl.command.1.tlog
E:\A_LAB_workplace\Global RDO\HM-16.0_QT_V2\build\vc10\x64\Release\TLibEncoder\CL.read.1.tlog
E:\A_LAB_workplace\Global RDO\HM-16.0_QT_V2\build\vc10\x64\Release\TLibEncoder\CL.write.1.tlog
E:\A_LAB_workplace\Global RDO\HM-16.0_QT_V2\build\vc10\x64\Release\TLibEncoder\lib.command.1.tlog
E:\A_LAB_workplace\Global RDO\HM-16.0_QT_V2\build\vc10\x64\Release\TLibEncoder\Lib-link.read.1.tlog
E:\A_LAB_workplace\Global RDO\HM-16.0_QT_V2\build\vc10\x64\Release\TLibEncoder\Lib-link.write.1.tlog
E:\A_LAB_WORKPLACE\GLOBAL RDO\HM-16.0_QT_V2\BUILD\VC10\X64\RELEASE\TLIBENCODER\NALWRITE.OBJ
E:\A_LAB_WORKPLACE\GLOBAL RDO\HM-16.0_QT_V2\BUILD\VC10\X64\RELEASE\TLIBENCODER\SEIWRITE.OBJ
E:\A_LAB_WORKPLACE\GLOBAL RDO\HM-16.0_QT_V2\BUILD\VC10\X64\RELEASE\TLIBENCODER\SYNTAXELEMENTWRITER.OBJ
E:\A_LAB_WORKPLACE\GLOBAL RDO\HM-16.0_QT_V2\BUILD\VC10\X64\RELEASE\TLIBENCODER\TENCANALYZE.OBJ
E:\A_LAB_WORKPLACE\GLOBAL RDO\HM-16.0_QT_V2\BUILD\VC10\X64\RELEASE\TLIBENCODER\TENCBINCODERCABAC.OBJ
E:\A_LAB_WORKPLACE\GLOBAL RDO\HM-16.0_QT_V2\BUILD\VC10\X64\RELEASE\TLIBENCODER\TENCBINCODERCABACCOUNTER.OBJ
E:\A_LAB_WORKPLACE\GLOBAL RDO\HM-16.0_QT_V2\BUILD\VC10\X64\RELEASE\TLIBENCODER\TENCCAVLC.OBJ
E:\A_LAB_WORKPLACE\GLOBAL RDO\HM-16.0_QT_V2\BUILD\VC10\X64\RELEASE\TLIBENCODER\TENCCU.OBJ
E:\A_LAB_WORKPLACE\GLOBAL RDO\HM-16.0_QT_V2\BUILD\VC10\X64\RELEASE\TLIBENCODER\TENCENTROPY.OBJ
E:\A_LAB_WORKPLACE\GLOBAL RDO\HM-16.0_QT_V2\BUILD\VC10\X64\RELEASE\TLIBENCODER\TENCGOP.OBJ
E:\A_LAB_WORKPLACE\GLOBAL RDO\HM-16.0_QT_V2\BUILD\VC10\X64\RELEASE\TLIBENCODER\TENCPIC.OBJ
E:\A_LAB_WORKPLACE\GLOBAL RDO\HM-16.0_QT_V2\BUILD\VC10\X64\RELEASE\TLIBENCODER\TENCPREANALYZER.OBJ
E:\A_LAB_WORKPLACE\GLOBAL RDO\HM-16.0_QT_V2\BUILD\VC10\X64\RELEASE\TLIBENCODER\TENCRATECTRL.OBJ
E:\A_LAB_WORKPLACE\GLOBAL RDO\HM-16.0_QT_V2\BUILD\VC10\X64\RELEASE\TLIBENCODER\TENCSAMPLEADAPTIVEOFFSET.OBJ
E:\A_LAB_WORKPLACE\GLOBAL RDO\HM-16.0_QT_V2\BUILD\VC10\X64\RELEASE\TLIBENCODER\TENCSBAC.OBJ
E:\A_LAB_WORKPLACE\GLOBAL RDO\HM-16.0_QT_V2\BUILD\VC10\X64\RELEASE\TLIBENCODER\TENCSEARCH.OBJ
E:\A_LAB_WORKPLACE\GLOBAL RDO\HM-16.0_QT_V2\BUILD\VC10\X64\RELEASE\TLIBENCODER\TENCSLICE.OBJ
E:\A_LAB_WORKPLACE\GLOBAL RDO\HM-16.0_QT_V2\BUILD\VC10\X64\RELEASE\TLIBENCODER\TENCTOP.OBJ
E:\A_LAB_WORKPLACE\GLOBAL RDO\HM-16.0_QT_V2\BUILD\VC10\X64\RELEASE\TLIBENCODER\TLIBENCODER.LIB
E:\A_LAB_workplace\Global RDO\HM-16.0_QT_V2\build\vc10\x64\Release\TLibEncoder\TLibEncoder.write.1.tlog
E:\A_LAB_workplace\Global RDO\HM-16.0_QT_V2\build\vc10\x64\Release\TLibEncoder\TLibEncoder_vc10.vcxprojResolveAssemblyReference.cache
E:\A_LAB_WORKPLACE\GLOBAL RDO\HM-16.0_QT_V2\BUILD\VC10\X64\RELEASE\TLIBENCODER\VC100.PDB
E:\A_LAB_WORKPLACE\GLOBAL RDO\HM-16.0_QT_V2\BUILD\VC10\X64\RELEASE\TLIBENCODER\WEIGHTPREDANALYSIS.OBJ
