生成启动时间为 2015/3/13 14:18:05。
     1>项目“E:\Github\videocoding\HM-16.0\build\vc10\TAppDecoderAnalyser_vc10.vcxproj”在节点 3 上(rebuild 个目标)。
     1>_PrepareForClean:
         正在删除文件“E:\Github\videocoding\HM-16.0\build\\vc10\x64\Release\TAppDecoderAnalyser\TAppDecoderAnalyser.lastbuildstate”。
       InitializeBuildStatus:
         正在创建“E:\Github\videocoding\HM-16.0\build\\vc10\x64\Release\TAppDecoderAnalyser\TAppDecoderAnalyser.unsuccessfulbuild”，因为已指定“AlwaysCreate”。
       ClCompile:
         C:\Program Files (x86)\Microsoft Visual Studio 10.0\VC\bin\x86_amd64\CL.exe /c /I"E:\Github\videocoding\HM-16.0\build\\..\source\Lib\\" /I"E:\Github\videocoding\HM-16.0\build\\..\compat\msvc" /Zi /nologo /W3 /WX- /O2 /Ob2 /Ot /GL /D WIN32 /D _CONSOLE /D _CRT_SECURE_NO_WARNINGS /D _MBCS /GF /Gm- /EHsc /MT /GS /Gy /fp:precise /Zc:wchar_t /Zc:forScope /Fo"E:\Github\videocoding\HM-16.0\build\\vc10\x64\Release\TAppDecoderAnalyser\\" /Fd"E:\Github\videocoding\HM-16.0\build\\vc10\x64\Release\TAppDecoderAnalyser\vc100.pdb" /Gd /TP /errorReport:prompt ..\..\source\App\TAppDecoder\decmain.cpp ..\..\source\App\TAppDecoder\TAppDecCfg.cpp ..\..\source\App\TAppDecoder\TAppDecTop.cpp
         decmain.cpp
         TAppDecCfg.cpp
         TAppDecTop.cpp
       Link:
         C:\Program Files (x86)\Microsoft Visual Studio 10.0\VC\bin\x86_amd64\link.exe /ERRORREPORT:PROMPT /OUT:"E:\Github\videocoding\HM-16.0\build\\..\bin\vc10\x64\Release\TAppDecoderAnalyser.exe" /INCREMENTAL:NO /NOLOGO kernel32.lib user32.lib gdi32.lib winspool.lib comdlg32.lib advapi32.lib shell32.lib ole32.lib oleaut32.lib uuid.lib odbc32.lib odbccp32.lib /MANIFEST /ManifestFile:"E:\Github\videocoding\HM-16.0\build\\vc10\x64\Release\TAppDecoderAnalyser\TAppDecoderAnalyser.exe.intermediate.manifest" /MANIFESTUAC:"level='asInvoker' uiAccess='false'" /DEBUG /PDB:"E:\Github\videocoding\HM-16.0\bin\vc10\x64\Release\TAppDecoderAnalyser.pdb" /SUBSYSTEM:CONSOLE /LTCG /TLBID:1 /DYNAMICBASE /NXCOMPAT /IMPLIB:"E:\Github\videocoding\HM-16.0\build\\..\bin\vc10\x64\Release\TAppDecoderAnalyser.lib" /MACHINE:X64 "E:\Github\videocoding\HM-16.0\build\\vc10\x64\Release\TAppDecoderAnalyser\decmain.obj"
         "E:\Github\videocoding\HM-16.0\build\\vc10\x64\Release\TAppDecoderAnalyser\TAppDecCfg.obj"
         "E:\Github\videocoding\HM-16.0\build\\vc10\x64\Release\TAppDecoderAnalyser\TAppDecTop.obj"
         "E:\Github\videocoding\HM-16.0\build\vc10\x64\Release\TAppCommon\TAppCommon.lib"
         "E:\Github\videocoding\HM-16.0\build\vc10\x64\Release\TLibCommon\TLibCommon.lib"
         "E:\Github\videocoding\HM-16.0\build\vc10\x64\Release\TLibDecoderAnalyser\TLibDecoderAnalyser.lib"
         "E:\Github\videocoding\HM-16.0\build\vc10\x64\Release\TLibVideoIo\TLibVideoIO.lib"
         正在生成代码
         已完成代码的生成
         TAppDecoderAnalyser_vc10.vcxproj -> E:\Github\videocoding\HM-16.0\build\\..\bin\vc10\x64\Release\TAppDecoderAnalyser.exe
       Manifest:
         C:\Program Files (x86)\Microsoft SDKs\Windows\v7.0A\bin\mt.exe /nologo /verbose /outputresource:"E:\Github\videocoding\HM-16.0\build\\..\bin\vc10\x64\Release\TAppDecoderAnalyser.exe;#1" /manifest "E:\Github\videocoding\HM-16.0\build\\vc10\x64\Release\TAppDecoderAnalyser\TAppDecoderAnalyser.exe.intermediate.manifest"
       FinalizeBuildStatus:
         正在删除文件“E:\Github\videocoding\HM-16.0\build\\vc10\x64\Release\TAppDecoderAnalyser\TAppDecoderAnalyser.unsuccessfulbuild”。
         正在对“E:\Github\videocoding\HM-16.0\build\\vc10\x64\Release\TAppDecoderAnalyser\TAppDecoderAnalyser.lastbuildstate”执行 Touch 任务。
     1>已完成生成项目“E:\Github\videocoding\HM-16.0\build\vc10\TAppDecoderAnalyser_vc10.vcxproj”(rebuild 个目标)的操作。

生成成功。

已用时间 00:00:15.68
