E:\GITHUB\VIDEOCODING\HM-16.0\BIN\VC10\X64\DEBUG\TAPPDECODERANALYSER.EXE
E:\GITHUB\VIDEOCODING\HM-16.0\BIN\VC10\X64\DEBUG\TAPPDECODERANALYSER.ILK
E:\GITHUB\VIDEOCODING\HM-16.0\BIN\VC10\X64\DEBUG\TAPPDECODERANALYSER.PDB
E:\Github\videocoding\HM-16.0\build\\..\bin\vc10\x64\Debug\TAppDecoderAnalyser.exe
E:\Github\videocoding\HM-16.0\build\\..\bin\vc10\x64\Debug\TAppDecoderAnalyser.ilk
E:\Github\videocoding\HM-16.0\build\\..\bin\vc10\x64\Debug\TAppDecoderAnalyser.pdb
E:\Github\videocoding\HM-16.0\build\vc10\x64\Debug\TAppDecoderAnalyser\cl.command.1.tlog
E:\Github\videocoding\HM-16.0\build\vc10\x64\Debug\TAppDecoderAnalyser\CL.read.1.tlog
E:\Github\videocoding\HM-16.0\build\vc10\x64\Debug\TAppDecoderAnalyser\CL.write.1.tlog
E:\GITHUB\VIDEOCODING\HM-16.0\BUILD\VC10\X64\DEBUG\TAPPDECODERANALYSER\DECMAIN.OBJ
E:\Github\videocoding\HM-16.0\build\vc10\x64\Debug\TAppDecoderAnalyser\link.13196.read.1.tlog
E:\Github\videocoding\HM-16.0\build\vc10\x64\Debug\TAppDecoderAnalyser\link.13196.write.1.tlog
E:\Github\videocoding\HM-16.0\build\vc10\x64\Debug\TAppDecoderAnalyser\link.13196-cvtres.read.1.tlog
E:\Github\videocoding\HM-16.0\build\vc10\x64\Debug\TAppDecoderAnalyser\link.13196-cvtres.write.1.tlog
E:\Github\videocoding\HM-16.0\build\vc10\x64\Debug\TAppDecoderAnalyser\link.command.1.tlog
E:\Github\videocoding\HM-16.0\build\vc10\x64\Debug\TAppDecoderAnalyser\link.read.1.tlog
E:\Github\videocoding\HM-16.0\build\vc10\x64\Debug\TAppDecoderAnalyser\link.write.1.tlog
E:\Github\videocoding\HM-16.0\build\vc10\x64\Debug\TAppDecoderAnalyser\link-cvtres.read.1.tlog
E:\Github\videocoding\HM-16.0\build\vc10\x64\Debug\TAppDecoderAnalyser\link-cvtres.write.1.tlog
E:\Github\videocoding\HM-16.0\build\vc10\x64\Debug\TAppDecoderAnalyser\mt.command.1.tlog
E:\Github\videocoding\HM-16.0\build\vc10\x64\Debug\TAppDecoderAnalyser\mt.read.1.tlog
E:\Github\videocoding\HM-16.0\build\vc10\x64\Debug\TAppDecoderAnalyser\mt.write.1.tlog
E:\Github\videocoding\HM-16.0\build\vc10\x64\Debug\TAppDecoderAnalyser\rc.command.1.tlog
E:\Github\videocoding\HM-16.0\build\vc10\x64\Debug\TAppDecoderAnalyser\rc.read.1.tlog
E:\Github\videocoding\HM-16.0\build\vc10\x64\Debug\TAppDecoderAnalyser\rc.write.1.tlog
E:\GITHUB\VIDEOCODING\HM-16.0\BUILD\VC10\X64\DEBUG\TAPPDECODERANALYSER\TAPPDECCFG.OBJ
E:\GITHUB\VIDEOCODING\HM-16.0\BUILD\VC10\X64\DEBUG\TAPPDECODERANALYSER\TAPPDECODERANALYSER.EXE.EMBED.MANIFEST
E:\GITHUB\VIDEOCODING\HM-16.0\BUILD\VC10\X64\DEBUG\TAPPDECODERANALYSER\TAPPDECODERANALYSER.EXE.EMBED.MANIFEST.RES
E:\GITHUB\VIDEOCODING\HM-16.0\BUILD\VC10\X64\DEBUG\TAPPDECODERANALYSER\TAPPDECODERANALYSER.EXE.INTERMEDIATE.MANIFEST
E:\Github\videocoding\HM-16.0\build\vc10\x64\Debug\TAppDecoderAnalyser\TAppDecoderAnalyser.write.1.tlog
E:\Github\videocoding\HM-16.0\build\vc10\x64\Debug\TAppDecoderAnalyser\TAppDecoderAnalyser_manifest.rc
E:\GITHUB\VIDEOCODING\HM-16.0\BUILD\VC10\X64\DEBUG\TAPPDECODERANALYSER\TAPPDECTOP.OBJ
E:\Github\videocoding\HM-16.0\build\vc10\x64\Debug\TAppDecoderAnalyser\vc100.idb
E:\GITHUB\VIDEOCODING\HM-16.0\BUILD\VC10\X64\DEBUG\TAPPDECODERANALYSER\VC100.PDB
