E:\A_LAB_workplace\Global RDO\HM-16.0_QT_V2\build\\vc10\x64\Release\TLibCommon\TLibCommon.lib
E:\A_LAB_workplace\Global RDO\HM-16.0_QT_V2\build\vc10\x64\Release\TLibCommon\cl.command.1.tlog
E:\A_LAB_workplace\Global RDO\HM-16.0_QT_V2\build\vc10\x64\Release\TLibCommon\CL.read.1.tlog
E:\A_LAB_workplace\Global RDO\HM-16.0_QT_V2\build\vc10\x64\Release\TLibCommon\CL.write.1.tlog
E:\A_LAB_WORKPLACE\GLOBAL RDO\HM-16.0_QT_V2\BUILD\VC10\X64\RELEASE\TLIBCOMMON\CONTEXTMODEL.OBJ
E:\A_LAB_WORKPLACE\GLOBAL RDO\HM-16.0_QT_V2\BUILD\VC10\X64\RELEASE\TLIBCOMMON\CONTEXTMODEL3DBUFFER.OBJ
E:\A_LAB_WORKPLACE\GLOBAL RDO\HM-16.0_QT_V2\BUILD\VC10\X64\RELEASE\TLIBCOMMON\DEBUG.OBJ
E:\A_LAB_workplace\Global RDO\HM-16.0_QT_V2\build\vc10\x64\Release\TLibCommon\lib.command.1.tlog
E:\A_LAB_workplace\Global RDO\HM-16.0_QT_V2\build\vc10\x64\Release\TLibCommon\Lib-link.read.1.tlog
E:\A_LAB_workplace\Global RDO\HM-16.0_QT_V2\build\vc10\x64\Release\TLibCommon\Lib-link.write.1.tlog
E:\A_LAB_WORKPLACE\GLOBAL RDO\HM-16.0_QT_V2\BUILD\VC10\X64\RELEASE\TLIBCOMMON\LIBMD5.OBJ
E:\A_LAB_WORKPLACE\GLOBAL RDO\HM-16.0_QT_V2\BUILD\VC10\X64\RELEASE\TLIBCOMMON\SEI.OBJ
E:\A_LAB_WORKPLACE\GLOBAL RDO\HM-16.0_QT_V2\BUILD\VC10\X64\RELEASE\TLIBCOMMON\TCOMBITSTREAM.OBJ
E:\A_LAB_WORKPLACE\GLOBAL RDO\HM-16.0_QT_V2\BUILD\VC10\X64\RELEASE\TLIBCOMMON\TCOMCABACTABLES.OBJ
E:\A_LAB_WORKPLACE\GLOBAL RDO\HM-16.0_QT_V2\BUILD\VC10\X64\RELEASE\TLIBCOMMON\TCOMCHROMAFORMAT.OBJ
E:\A_LAB_WORKPLACE\GLOBAL RDO\HM-16.0_QT_V2\BUILD\VC10\X64\RELEASE\TLIBCOMMON\TCOMDATACU.OBJ
E:\A_LAB_WORKPLACE\GLOBAL RDO\HM-16.0_QT_V2\BUILD\VC10\X64\RELEASE\TLIBCOMMON\TCOMINTERPOLATIONFILTER.OBJ
E:\A_LAB_WORKPLACE\GLOBAL RDO\HM-16.0_QT_V2\BUILD\VC10\X64\RELEASE\TLIBCOMMON\TCOMLOOPFILTER.OBJ
E:\A_LAB_WORKPLACE\GLOBAL RDO\HM-16.0_QT_V2\BUILD\VC10\X64\RELEASE\TLIBCOMMON\TCOMMOTIONINFO.OBJ
E:\A_LAB_WORKPLACE\GLOBAL RDO\HM-16.0_QT_V2\BUILD\VC10\X64\RELEASE\TLIBCOMMON\TCOMPATTERN.OBJ
E:\A_LAB_WORKPLACE\GLOBAL RDO\HM-16.0_QT_V2\BUILD\VC10\X64\RELEASE\TLIBCOMMON\TCOMPIC.OBJ
E:\A_LAB_WORKPLACE\GLOBAL RDO\HM-16.0_QT_V2\BUILD\VC10\X64\RELEASE\TLIBCOMMON\TCOMPICSYM.OBJ
E:\A_LAB_WORKPLACE\GLOBAL RDO\HM-16.0_QT_V2\BUILD\VC10\X64\RELEASE\TLIBCOMMON\TCOMPICYUV.OBJ
E:\A_LAB_WORKPLACE\GLOBAL RDO\HM-16.0_QT_V2\BUILD\VC10\X64\RELEASE\TLIBCOMMON\TCOMPICYUVMD5.OBJ
E:\A_LAB_WORKPLACE\GLOBAL RDO\HM-16.0_QT_V2\BUILD\VC10\X64\RELEASE\TLIBCOMMON\TCOMPREDICTION.OBJ
E:\A_LAB_WORKPLACE\GLOBAL RDO\HM-16.0_QT_V2\BUILD\VC10\X64\RELEASE\TLIBCOMMON\TCOMRDCOST.OBJ
E:\A_LAB_WORKPLACE\GLOBAL RDO\HM-16.0_QT_V2\BUILD\VC10\X64\RELEASE\TLIBCOMMON\TCOMRDCOSTWEIGHTPREDICTION.OBJ
E:\A_LAB_WORKPLACE\GLOBAL RDO\HM-16.0_QT_V2\BUILD\VC10\X64\RELEASE\TLIBCOMMON\TCOMROM.OBJ
E:\A_LAB_WORKPLACE\GLOBAL RDO\HM-16.0_QT_V2\BUILD\VC10\X64\RELEASE\TLIBCOMMON\TCOMSAMPLEADAPTIVEOFFSET.OBJ
E:\A_LAB_WORKPLACE\GLOBAL RDO\HM-16.0_QT_V2\BUILD\VC10\X64\RELEASE\TLIBCOMMON\TCOMSLICE.OBJ
E:\A_LAB_WORKPLACE\GLOBAL RDO\HM-16.0_QT_V2\BUILD\VC10\X64\RELEASE\TLIBCOMMON\TCOMTRQUANT.OBJ
E:\A_LAB_WORKPLACE\GLOBAL RDO\HM-16.0_QT_V2\BUILD\VC10\X64\RELEASE\TLIBCOMMON\TCOMTU.OBJ
E:\A_LAB_WORKPLACE\GLOBAL RDO\HM-16.0_QT_V2\BUILD\VC10\X64\RELEASE\TLIBCOMMON\TCOMWEIGHTPREDICTION.OBJ
E:\A_LAB_WORKPLACE\GLOBAL RDO\HM-16.0_QT_V2\BUILD\VC10\X64\RELEASE\TLIBCOMMON\TCOMYUV.OBJ
E:\A_LAB_WORKPLACE\GLOBAL RDO\HM-16.0_QT_V2\BUILD\VC10\X64\RELEASE\TLIBCOMMON\TLIBCOMMON.LIB
E:\A_LAB_workplace\Global RDO\HM-16.0_QT_V2\build\vc10\x64\Release\TLibCommon\TLibCommon.write.1.tlog
E:\A_LAB_workplace\Global RDO\HM-16.0_QT_V2\build\vc10\x64\Release\TLibCommon\TLibCommon_vc10.vcxprojResolveAssemblyReference.cache
E:\A_LAB_WORKPLACE\GLOBAL RDO\HM-16.0_QT_V2\BUILD\VC10\X64\RELEASE\TLIBCOMMON\VC100.PDB
