E:\Github\videocoding\HM-16.0\build\\vc10\x64\Debug\TLibDecoder\TLibDecoder.lib
E:\GITHUB\VIDEOCODING\HM-16.0\BUILD\VC10\X64\DEBUG\TLIBDECODER\ANNEXBREAD.OBJ
E:\Github\videocoding\HM-16.0\build\vc10\x64\Debug\TLibDecoder\cl.command.1.tlog
E:\Github\videocoding\HM-16.0\build\vc10\x64\Debug\TLibDecoder\CL.read.1.tlog
E:\Github\videocoding\HM-16.0\build\vc10\x64\Debug\TLibDecoder\CL.write.1.tlog
E:\Github\videocoding\HM-16.0\build\vc10\x64\Debug\TLibDecoder\lib.command.1.tlog
E:\Github\videocoding\HM-16.0\build\vc10\x64\Debug\TLibDecoder\Lib-link.read.1.tlog
E:\Github\videocoding\HM-16.0\build\vc10\x64\Debug\TLibDecoder\Lib-link.write.1.tlog
E:\GITHUB\VIDEOCODING\HM-16.0\BUILD\VC10\X64\DEBUG\TLIBDECODER\NALREAD.OBJ
E:\GITHUB\VIDEOCODING\HM-16.0\BUILD\VC10\X64\DEBUG\TLIBDECODER\SEIREAD.OBJ
E:\GITHUB\VIDEOCODING\HM-16.0\BUILD\VC10\X64\DEBUG\TLIBDECODER\SYNTAXELEMENTPARSER.OBJ
E:\GITHUB\VIDEOCODING\HM-16.0\BUILD\VC10\X64\DEBUG\TLIBDECODER\TDECBINCODERCABAC.OBJ
E:\GITHUB\VIDEOCODING\HM-16.0\BUILD\VC10\X64\DEBUG\TLIBDECODER\TDECCAVLC.OBJ
E:\GITHUB\VIDEOCODING\HM-16.0\BUILD\VC10\X64\DEBUG\TLIBDECODER\TDECCU.OBJ
E:\GITHUB\VIDEOCODING\HM-16.0\BUILD\VC10\X64\DEBUG\TLIBDECODER\TDECENTROPY.OBJ
E:\GITHUB\VIDEOCODING\HM-16.0\BUILD\VC10\X64\DEBUG\TLIBDECODER\TDECGOP.OBJ
E:\GITHUB\VIDEOCODING\HM-16.0\BUILD\VC10\X64\DEBUG\TLIBDECODER\TDECSBAC.OBJ
E:\GITHUB\VIDEOCODING\HM-16.0\BUILD\VC10\X64\DEBUG\TLIBDECODER\TDECSLICE.OBJ
E:\GITHUB\VIDEOCODING\HM-16.0\BUILD\VC10\X64\DEBUG\TLIBDECODER\TDECTOP.OBJ
E:\GITHUB\VIDEOCODING\HM-16.0\BUILD\VC10\X64\DEBUG\TLIBDECODER\TLIBDECODER.LIB
E:\Github\videocoding\HM-16.0\build\vc10\x64\Debug\TLibDecoder\TLibDecoder.write.1.tlog
E:\Github\videocoding\HM-16.0\build\vc10\x64\Debug\TLibDecoder\vc100.idb
E:\GITHUB\VIDEOCODING\HM-16.0\BUILD\VC10\X64\DEBUG\TLIBDECODER\VC100.PDB
