生成启动时间为 2015/3/9 20:34:24。
     1>项目“E:\Github\videocoding\HM-16.0\build\vc10\TAppDecoder_vc10.vcxproj”在节点 4 上(rebuild 个目标)。
     1>_PrepareForClean:
         正在删除文件“E:\Github\videocoding\HM-16.0\build\\vc10\x64\Debug\TAppDecoder\TAppDecoder.lastbuildstate”。
       InitializeBuildStatus:
         正在创建“E:\Github\videocoding\HM-16.0\build\\vc10\x64\Debug\TAppDecoder\TAppDecoder.unsuccessfulbuild”，因为已指定“AlwaysCreate”。
       ClCompile:
         C:\Program Files (x86)\Microsoft Visual Studio 10.0\VC\bin\x86_amd64\CL.exe /c /I"E:\Github\videocoding\HM-16.0\build\\..\source\Lib\\" /I"E:\Github\videocoding\HM-16.0\build\\..\compat\msvc" /Zi /nologo /W3 /WX- /Od /D WIN32 /D _DEBUG /D _CONSOLE /D _CRT_SECURE_NO_WARNINGS /D _MBCS /Gm /EHsc /RTC1 /MTd /GS /fp:precise /Zc:wchar_t /Zc:forScope /Fo"E:\Github\videocoding\HM-16.0\build\\vc10\x64\Debug\TAppDecoder\\" /Fd"E:\Github\videocoding\HM-16.0\build\\vc10\x64\Debug\TAppDecoder\vc100.pdb" /Gd /TP /errorReport:prompt ..\..\source\App\TAppDecoder\decmain.cpp ..\..\source\App\TAppDecoder\TAppDecCfg.cpp ..\..\source\App\TAppDecoder\TAppDecTop.cpp
         TAppDecTop.cpp
         TAppDecCfg.cpp
         decmain.cpp
         Generating Code...
       ManifestResourceCompile:
         C:\Program Files (x86)\Microsoft SDKs\Windows\v7.0A\bin\rc.exe /nologo /fo"E:\Github\videocoding\HM-16.0\build\\vc10\x64\Debug\TAppDecoder\TAppDecoder.exe.embed.manifest.res" E:\Github\videocoding\HM-16.0\build\\vc10\x64\Debug\TAppDecoder\TAppDecoder_manifest.rc 
       Link:
         C:\Program Files (x86)\Microsoft Visual Studio 10.0\VC\bin\x86_amd64\link.exe /ERRORREPORT:PROMPT /OUT:"E:\Github\videocoding\HM-16.0\build\\..\bin\vc10\x64\Debug\TAppDecoder.exe" /INCREMENTAL /NOLOGO kernel32.lib user32.lib gdi32.lib winspool.lib comdlg32.lib advapi32.lib shell32.lib ole32.lib oleaut32.lib uuid.lib odbc32.lib odbccp32.lib /MANIFEST /ManifestFile:"E:\Github\videocoding\HM-16.0\build\\vc10\x64\Debug\TAppDecoder\TAppDecoder.exe.intermediate.manifest" /MANIFESTUAC:"level='asInvoker' uiAccess='false'" /DEBUG /PDB:"E:\Github\videocoding\HM-16.0\bin\vc10\x64\Debug\TAppDecoder.pdb" /SUBSYSTEM:CONSOLE /TLBID:1 /DYNAMICBASE /NXCOMPAT /IMPLIB:"E:\Github\videocoding\HM-16.0\build\\..\bin\vc10\x64\Debug\TAppDecoder.lib" /MACHINE:X64 "E:\Github\videocoding\HM-16.0\build\\vc10\x64\Debug\TAppDecoder\TAppDecoder.exe.embed.manifest.res"
         "E:\Github\videocoding\HM-16.0\build\\vc10\x64\Debug\TAppDecoder\decmain.obj"
         "E:\Github\videocoding\HM-16.0\build\\vc10\x64\Debug\TAppDecoder\TAppDecCfg.obj"
         "E:\Github\videocoding\HM-16.0\build\\vc10\x64\Debug\TAppDecoder\TAppDecTop.obj"
         "E:\Github\videocoding\HM-16.0\build\vc10\x64\Debug\TAppCommon\TAppCommon.lib"
         "E:\Github\videocoding\HM-16.0\build\vc10\x64\Debug\TLibCommon\TLibCommon.lib"
         "E:\Github\videocoding\HM-16.0\build\vc10\x64\Debug\TLibDecoder\TLibDecoder.lib"
         "E:\Github\videocoding\HM-16.0\build\vc10\x64\Debug\TLibVideoIo\TLibVideoIO.lib"
         TAppDecoder_vc10.vcxproj -> E:\Github\videocoding\HM-16.0\build\\..\bin\vc10\x64\Debug\TAppDecoder.exe
       Manifest:
         正在删除文件“E:\Github\videocoding\HM-16.0\build\\vc10\x64\Debug\TAppDecoder\TAppDecoder.exe.embed.manifest”。
         C:\Program Files (x86)\Microsoft SDKs\Windows\v7.0A\bin\mt.exe /nologo /verbose /out:"E:\Github\videocoding\HM-16.0\build\\vc10\x64\Debug\TAppDecoder\TAppDecoder.exe.embed.manifest" /manifest "E:\Github\videocoding\HM-16.0\build\\vc10\x64\Debug\TAppDecoder\TAppDecoder.exe.intermediate.manifest"
         C:\Program Files (x86)\Microsoft SDKs\Windows\v7.0A\bin\rc.exe /nologo /fo"E:\Github\videocoding\HM-16.0\build\\vc10\x64\Debug\TAppDecoder\TAppDecoder.exe.embed.manifest.res" E:\Github\videocoding\HM-16.0\build\\vc10\x64\Debug\TAppDecoder\TAppDecoder_manifest.rc 
       LinkEmbedManifest:
         C:\Program Files (x86)\Microsoft Visual Studio 10.0\VC\bin\x86_amd64\link.exe /ERRORREPORT:PROMPT /OUT:"E:\Github\videocoding\HM-16.0\build\\..\bin\vc10\x64\Debug\TAppDecoder.exe" /INCREMENTAL /NOLOGO kernel32.lib user32.lib gdi32.lib winspool.lib comdlg32.lib advapi32.lib shell32.lib ole32.lib oleaut32.lib uuid.lib odbc32.lib odbccp32.lib /MANIFEST /ManifestFile:"E:\Github\videocoding\HM-16.0\build\\vc10\x64\Debug\TAppDecoder\TAppDecoder.exe.intermediate.manifest" /MANIFESTUAC:"level='asInvoker' uiAccess='false'" /DEBUG /PDB:"E:\Github\videocoding\HM-16.0\bin\vc10\x64\Debug\TAppDecoder.pdb" /SUBSYSTEM:CONSOLE /TLBID:1 /DYNAMICBASE /NXCOMPAT /IMPLIB:"E:\Github\videocoding\HM-16.0\build\\..\bin\vc10\x64\Debug\TAppDecoder.lib" /MACHINE:X64 "E:\Github\videocoding\HM-16.0\build\\vc10\x64\Debug\TAppDecoder\TAppDecoder.exe.embed.manifest.res"
         "E:\Github\videocoding\HM-16.0\build\\vc10\x64\Debug\TAppDecoder\decmain.obj"
         "E:\Github\videocoding\HM-16.0\build\\vc10\x64\Debug\TAppDecoder\TAppDecCfg.obj"
         "E:\Github\videocoding\HM-16.0\build\\vc10\x64\Debug\TAppDecoder\TAppDecTop.obj"
         "E:\Github\videocoding\HM-16.0\build\vc10\x64\Debug\TAppCommon\TAppCommon.lib"
         "E:\Github\videocoding\HM-16.0\build\vc10\x64\Debug\TLibCommon\TLibCommon.lib"
         "E:\Github\videocoding\HM-16.0\build\vc10\x64\Debug\TLibDecoder\TLibDecoder.lib"
         "E:\Github\videocoding\HM-16.0\build\vc10\x64\Debug\TLibVideoIo\TLibVideoIO.lib"
         TAppDecoder_vc10.vcxproj -> E:\Github\videocoding\HM-16.0\build\\..\bin\vc10\x64\Debug\TAppDecoder.exe
       FinalizeBuildStatus:
         正在删除文件“E:\Github\videocoding\HM-16.0\build\\vc10\x64\Debug\TAppDecoder\TAppDecoder.unsuccessfulbuild”。
         正在对“E:\Github\videocoding\HM-16.0\build\\vc10\x64\Debug\TAppDecoder\TAppDecoder.lastbuildstate”执行 Touch 任务。
     1>已完成生成项目“E:\Github\videocoding\HM-16.0\build\vc10\TAppDecoder_vc10.vcxproj”(rebuild 个目标)的操作。

生成成功。

已用时间 00:00:07.51
