E:\GITHUB\VIDEOCODING\HM-16.0\BIN\VC10\X64\DEBUG\TAPPDECODER.EXE
E:\GITHUB\VIDEOCODING\HM-16.0\BIN\VC10\X64\DEBUG\TAPPDECODER.ILK
E:\GITHUB\VIDEOCODING\HM-16.0\BIN\VC10\X64\DEBUG\TAPPDECODER.PDB
E:\Github\videocoding\HM-16.0\build\\..\bin\vc10\x64\Debug\TAppDecoder.exe
E:\Github\videocoding\HM-16.0\build\\..\bin\vc10\x64\Debug\TAppDecoder.ilk
E:\Github\videocoding\HM-16.0\build\\..\bin\vc10\x64\Debug\TAppDecoder.pdb
E:\Github\videocoding\HM-16.0\build\vc10\x64\Debug\TAppDecoder\cl.command.1.tlog
E:\Github\videocoding\HM-16.0\build\vc10\x64\Debug\TAppDecoder\CL.read.1.tlog
E:\Github\videocoding\HM-16.0\build\vc10\x64\Debug\TAppDecoder\CL.write.1.tlog
E:\GITHUB\VIDEOCODING\HM-16.0\BUILD\VC10\X64\DEBUG\TAPPDECODER\DECMAIN.OBJ
E:\Github\videocoding\HM-16.0\build\vc10\x64\Debug\TAppDecoder\link.3556.read.1.tlog
E:\Github\videocoding\HM-16.0\build\vc10\x64\Debug\TAppDecoder\link.3556.write.1.tlog
E:\Github\videocoding\HM-16.0\build\vc10\x64\Debug\TAppDecoder\link.3556-cvtres.read.1.tlog
E:\Github\videocoding\HM-16.0\build\vc10\x64\Debug\TAppDecoder\link.3556-cvtres.write.1.tlog
E:\Github\videocoding\HM-16.0\build\vc10\x64\Debug\TAppDecoder\link.command.1.tlog
E:\Github\videocoding\HM-16.0\build\vc10\x64\Debug\TAppDecoder\link.read.1.tlog
E:\Github\videocoding\HM-16.0\build\vc10\x64\Debug\TAppDecoder\link.write.1.tlog
E:\Github\videocoding\HM-16.0\build\vc10\x64\Debug\TAppDecoder\link-cvtres.read.1.tlog
E:\Github\videocoding\HM-16.0\build\vc10\x64\Debug\TAppDecoder\link-cvtres.write.1.tlog
E:\Github\videocoding\HM-16.0\build\vc10\x64\Debug\TAppDecoder\mt.command.1.tlog
E:\Github\videocoding\HM-16.0\build\vc10\x64\Debug\TAppDecoder\mt.read.1.tlog
E:\Github\videocoding\HM-16.0\build\vc10\x64\Debug\TAppDecoder\mt.write.1.tlog
E:\Github\videocoding\HM-16.0\build\vc10\x64\Debug\TAppDecoder\rc.command.1.tlog
E:\Github\videocoding\HM-16.0\build\vc10\x64\Debug\TAppDecoder\rc.read.1.tlog
E:\Github\videocoding\HM-16.0\build\vc10\x64\Debug\TAppDecoder\rc.write.1.tlog
E:\GITHUB\VIDEOCODING\HM-16.0\BUILD\VC10\X64\DEBUG\TAPPDECODER\TAPPDECCFG.OBJ
E:\GITHUB\VIDEOCODING\HM-16.0\BUILD\VC10\X64\DEBUG\TAPPDECODER\TAPPDECODER.EXE.EMBED.MANIFEST
E:\GITHUB\VIDEOCODING\HM-16.0\BUILD\VC10\X64\DEBUG\TAPPDECODER\TAPPDECODER.EXE.EMBED.MANIFEST.RES
E:\GITHUB\VIDEOCODING\HM-16.0\BUILD\VC10\X64\DEBUG\TAPPDECODER\TAPPDECODER.EXE.INTERMEDIATE.MANIFEST
E:\Github\videocoding\HM-16.0\build\vc10\x64\Debug\TAppDecoder\TAppDecoder.write.1.tlog
E:\Github\videocoding\HM-16.0\build\vc10\x64\Debug\TAppDecoder\TAppDecoder_manifest.rc
E:\GITHUB\VIDEOCODING\HM-16.0\BUILD\VC10\X64\DEBUG\TAPPDECODER\TAPPDECTOP.OBJ
E:\Github\videocoding\HM-16.0\build\vc10\x64\Debug\TAppDecoder\vc100.idb
E:\GITHUB\VIDEOCODING\HM-16.0\BUILD\VC10\X64\DEBUG\TAPPDECODER\VC100.PDB
