E:\Github\videocoding\HM-16.0\build\\vc10\x64\Debug\TLibCommon\TLibCommon.lib
E:\Github\videocoding\HM-16.0\build\vc10\x64\Debug\TLibCommon\cl.command.1.tlog
E:\Github\videocoding\HM-16.0\build\vc10\x64\Debug\TLibCommon\CL.read.1.tlog
E:\Github\videocoding\HM-16.0\build\vc10\x64\Debug\TLibCommon\CL.write.1.tlog
E:\GITHUB\VIDEOCODING\HM-16.0\BUILD\VC10\X64\DEBUG\TLIBCOMMON\CONTEXTMODEL.OBJ
E:\GITHUB\VIDEOCODING\HM-16.0\BUILD\VC10\X64\DEBUG\TLIBCOMMON\CONTEXTMODEL3DBUFFER.OBJ
E:\GITHUB\VIDEOCODING\HM-16.0\BUILD\VC10\X64\DEBUG\TLIBCOMMON\DEBUG.OBJ
E:\Github\videocoding\HM-16.0\build\vc10\x64\Debug\TLibCommon\lib.command.1.tlog
E:\Github\videocoding\HM-16.0\build\vc10\x64\Debug\TLibCommon\Lib-link.read.1.tlog
E:\Github\videocoding\HM-16.0\build\vc10\x64\Debug\TLibCommon\Lib-link.write.1.tlog
E:\GITHUB\VIDEOCODING\HM-16.0\BUILD\VC10\X64\DEBUG\TLIBCOMMON\LIBMD5.OBJ
E:\GITHUB\VIDEOCODING\HM-16.0\BUILD\VC10\X64\DEBUG\TLIBCOMMON\SEI.OBJ
E:\GITHUB\VIDEOCODING\HM-16.0\BUILD\VC10\X64\DEBUG\TLIBCOMMON\TCOMBITSTREAM.OBJ
E:\GITHUB\VIDEOCODING\HM-16.0\BUILD\VC10\X64\DEBUG\TLIBCOMMON\TCOMCABACTABLES.OBJ
E:\GITHUB\VIDEOCODING\HM-16.0\BUILD\VC10\X64\DEBUG\TLIBCOMMON\TCOMCHROMAFORMAT.OBJ
E:\GITHUB\VIDEOCODING\HM-16.0\BUILD\VC10\X64\DEBUG\TLIBCOMMON\TCOMDATACU.OBJ
E:\GITHUB\VIDEOCODING\HM-16.0\BUILD\VC10\X64\DEBUG\TLIBCOMMON\TCOMINTERPOLATIONFILTER.OBJ
E:\GITHUB\VIDEOCODING\HM-16.0\BUILD\VC10\X64\DEBUG\TLIBCOMMON\TCOMLOOPFILTER.OBJ
E:\GITHUB\VIDEOCODING\HM-16.0\BUILD\VC10\X64\DEBUG\TLIBCOMMON\TCOMMOTIONINFO.OBJ
E:\GITHUB\VIDEOCODING\HM-16.0\BUILD\VC10\X64\DEBUG\TLIBCOMMON\TCOMPATTERN.OBJ
E:\GITHUB\VIDEOCODING\HM-16.0\BUILD\VC10\X64\DEBUG\TLIBCOMMON\TCOMPIC.OBJ
E:\GITHUB\VIDEOCODING\HM-16.0\BUILD\VC10\X64\DEBUG\TLIBCOMMON\TCOMPICSYM.OBJ
E:\GITHUB\VIDEOCODING\HM-16.0\BUILD\VC10\X64\DEBUG\TLIBCOMMON\TCOMPICYUV.OBJ
E:\GITHUB\VIDEOCODING\HM-16.0\BUILD\VC10\X64\DEBUG\TLIBCOMMON\TCOMPICYUVMD5.OBJ
E:\GITHUB\VIDEOCODING\HM-16.0\BUILD\VC10\X64\DEBUG\TLIBCOMMON\TCOMPREDICTION.OBJ
E:\GITHUB\VIDEOCODING\HM-16.0\BUILD\VC10\X64\DEBUG\TLIBCOMMON\TCOMRDCOST.OBJ
E:\GITHUB\VIDEOCODING\HM-16.0\BUILD\VC10\X64\DEBUG\TLIBCOMMON\TCOMRDCOSTWEIGHTPREDICTION.OBJ
E:\GITHUB\VIDEOCODING\HM-16.0\BUILD\VC10\X64\DEBUG\TLIBCOMMON\TCOMROM.OBJ
E:\GITHUB\VIDEOCODING\HM-16.0\BUILD\VC10\X64\DEBUG\TLIBCOMMON\TCOMSAMPLEADAPTIVEOFFSET.OBJ
E:\GITHUB\VIDEOCODING\HM-16.0\BUILD\VC10\X64\DEBUG\TLIBCOMMON\TCOMSLICE.OBJ
E:\GITHUB\VIDEOCODING\HM-16.0\BUILD\VC10\X64\DEBUG\TLIBCOMMON\TCOMTRQUANT.OBJ
E:\GITHUB\VIDEOCODING\HM-16.0\BUILD\VC10\X64\DEBUG\TLIBCOMMON\TCOMTU.OBJ
E:\GITHUB\VIDEOCODING\HM-16.0\BUILD\VC10\X64\DEBUG\TLIBCOMMON\TCOMWEIGHTPREDICTION.OBJ
E:\GITHUB\VIDEOCODING\HM-16.0\BUILD\VC10\X64\DEBUG\TLIBCOMMON\TCOMYUV.OBJ
E:\GITHUB\VIDEOCODING\HM-16.0\BUILD\VC10\X64\DEBUG\TLIBCOMMON\TLIBCOMMON.LIB
E:\Github\videocoding\HM-16.0\build\vc10\x64\Debug\TLibCommon\TLibCommon.write.1.tlog
E:\Github\videocoding\HM-16.0\build\vc10\x64\Debug\TLibCommon\TLibCommon_vc10.vcxprojResolveAssemblyReference.cache
E:\Github\videocoding\HM-16.0\build\vc10\x64\Debug\TLibCommon\vc100.idb
E:\GITHUB\VIDEOCODING\HM-16.0\BUILD\VC10\X64\DEBUG\TLIBCOMMON\VC100.PDB
