E:\GITHUB\VIDEOCODING\HM-16.0\BIN\VC10\X64\DEBUG\TAPPENCODER.EXE
E:\GITHUB\VIDEOCODING\HM-16.0\BIN\VC10\X64\DEBUG\TAPPENCODER.ILK
E:\GITHUB\VIDEOCODING\HM-16.0\BIN\VC10\X64\DEBUG\TAPPENCODER.PDB
E:\Github\videocoding\HM-16.0\build\\..\bin\vc10\x64\Debug\TAppEncoder.exe
E:\Github\videocoding\HM-16.0\build\\..\bin\vc10\x64\Debug\TAppEncoder.ilk
E:\Github\videocoding\HM-16.0\build\\..\bin\vc10\x64\Debug\TAppEncoder.pdb
E:\Github\videocoding\HM-16.0\build\vc10\x64\Debug\TAppEncoder\cl.command.1.tlog
E:\Github\videocoding\HM-16.0\build\vc10\x64\Debug\TAppEncoder\CL.read.1.tlog
E:\Github\videocoding\HM-16.0\build\vc10\x64\Debug\TAppEncoder\CL.write.1.tlog
E:\GITHUB\VIDEOCODING\HM-16.0\BUILD\VC10\X64\DEBUG\TAPPENCODER\ENCMAIN.OBJ
E:\Github\videocoding\HM-16.0\build\vc10\x64\Debug\TAppEncoder\link.7640.read.1.tlog
E:\Github\videocoding\HM-16.0\build\vc10\x64\Debug\TAppEncoder\link.7640.write.1.tlog
E:\Github\videocoding\HM-16.0\build\vc10\x64\Debug\TAppEncoder\link.7640-cvtres.read.1.tlog
E:\Github\videocoding\HM-16.0\build\vc10\x64\Debug\TAppEncoder\link.7640-cvtres.write.1.tlog
E:\Github\videocoding\HM-16.0\build\vc10\x64\Debug\TAppEncoder\link.command.1.tlog
E:\Github\videocoding\HM-16.0\build\vc10\x64\Debug\TAppEncoder\link.read.1.tlog
E:\Github\videocoding\HM-16.0\build\vc10\x64\Debug\TAppEncoder\link.write.1.tlog
E:\Github\videocoding\HM-16.0\build\vc10\x64\Debug\TAppEncoder\link-cvtres.read.1.tlog
E:\Github\videocoding\HM-16.0\build\vc10\x64\Debug\TAppEncoder\link-cvtres.write.1.tlog
E:\Github\videocoding\HM-16.0\build\vc10\x64\Debug\TAppEncoder\mt.command.1.tlog
E:\Github\videocoding\HM-16.0\build\vc10\x64\Debug\TAppEncoder\mt.read.1.tlog
E:\Github\videocoding\HM-16.0\build\vc10\x64\Debug\TAppEncoder\mt.write.1.tlog
E:\Github\videocoding\HM-16.0\build\vc10\x64\Debug\TAppEncoder\rc.command.1.tlog
E:\Github\videocoding\HM-16.0\build\vc10\x64\Debug\TAppEncoder\rc.read.1.tlog
E:\Github\videocoding\HM-16.0\build\vc10\x64\Debug\TAppEncoder\rc.write.1.tlog
E:\GITHUB\VIDEOCODING\HM-16.0\BUILD\VC10\X64\DEBUG\TAPPENCODER\TAPPENCCFG.OBJ
E:\GITHUB\VIDEOCODING\HM-16.0\BUILD\VC10\X64\DEBUG\TAPPENCODER\TAPPENCODER.EXE.EMBED.MANIFEST
E:\GITHUB\VIDEOCODING\HM-16.0\BUILD\VC10\X64\DEBUG\TAPPENCODER\TAPPENCODER.EXE.EMBED.MANIFEST.RES
E:\GITHUB\VIDEOCODING\HM-16.0\BUILD\VC10\X64\DEBUG\TAPPENCODER\TAPPENCODER.EXE.INTERMEDIATE.MANIFEST
E:\Github\videocoding\HM-16.0\build\vc10\x64\Debug\TAppEncoder\TAppEncoder.write.1.tlog
E:\Github\videocoding\HM-16.0\build\vc10\x64\Debug\TAppEncoder\TAppEncoder_manifest.rc
E:\GITHUB\VIDEOCODING\HM-16.0\BUILD\VC10\X64\DEBUG\TAPPENCODER\TAPPENCTOP.OBJ
E:\Github\videocoding\HM-16.0\build\vc10\x64\Debug\TAppEncoder\vc100.idb
E:\GITHUB\VIDEOCODING\HM-16.0\BUILD\VC10\X64\DEBUG\TAPPENCODER\VC100.PDB
