生成启动时间为 2015/3/13 14:26:30。
     1>项目“E:\Github\videocoding\HM-16.0\build\vc10\TAppEncoder_vc10.vcxproj”在节点 2 上(build 个目标)。
     1>InitializeBuildStatus:
         正在创建“E:\Github\videocoding\HM-16.0\build\\vc10\x64\Debug\TAppEncoder\TAppEncoder.unsuccessfulbuild”，因为已指定“AlwaysCreate”。
       ClCompile:
         所有输出均为最新。
       ManifestResourceCompile:
         所有输出均为最新。
       Link:
         C:\Program Files (x86)\Microsoft Visual Studio 10.0\VC\bin\x86_amd64\link.exe /ERRORREPORT:PROMPT /OUT:"E:\Github\videocoding\HM-16.0\build\\..\bin\vc10\x64\Debug\TAppEncoder.exe" /INCREMENTAL /NOLOGO kernel32.lib user32.lib gdi32.lib winspool.lib comdlg32.lib advapi32.lib shell32.lib ole32.lib oleaut32.lib uuid.lib odbc32.lib odbccp32.lib /MANIFEST /ManifestFile:"E:\Github\videocoding\HM-16.0\build\\vc10\x64\Debug\TAppEncoder\TAppEncoder.exe.intermediate.manifest" /MANIFESTUAC:"level='asInvoker' uiAccess='false'" /DEBUG /PDB:"E:\Github\videocoding\HM-16.0\bin\vc10\x64\Debug\TAppEncoder.pdb" /SUBSYSTEM:CONSOLE /TLBID:1 /DYNAMICBASE /NXCOMPAT /IMPLIB:"E:\Github\videocoding\HM-16.0\build\\..\bin\vc10\x64\Debug\TAppEncoder.lib" /MACHINE:X64 "E:\Github\videocoding\HM-16.0\build\\vc10\x64\Debug\TAppEncoder\TAppEncoder.exe.embed.manifest.res"
         "E:\Github\videocoding\HM-16.0\build\\vc10\x64\Debug\TAppEncoder\encmain.obj"
         "E:\Github\videocoding\HM-16.0\build\\vc10\x64\Debug\TAppEncoder\TAppEncCfg.obj"
         "E:\Github\videocoding\HM-16.0\build\\vc10\x64\Debug\TAppEncoder\TAppEncTop.obj"
         "E:\Github\videocoding\HM-16.0\build\vc10\x64\Debug\TAppCommon\TAppCommon.lib"
         "E:\Github\videocoding\HM-16.0\build\vc10\x64\Debug\TLibCommon\TLibCommon.lib"
         "E:\Github\videocoding\HM-16.0\build\vc10\x64\Debug\TLibEncoder\TLibEncoder.lib"
         "E:\Github\videocoding\HM-16.0\build\vc10\x64\Debug\TLibVideoIo\TLibVideoIO.lib"
         TAppEncoder_vc10.vcxproj -> E:\Github\videocoding\HM-16.0\build\\..\bin\vc10\x64\Debug\TAppEncoder.exe
       Manifest:
         C:\Program Files (x86)\Microsoft SDKs\Windows\v7.0A\bin\mt.exe /nologo /verbose /out:"E:\Github\videocoding\HM-16.0\build\\vc10\x64\Debug\TAppEncoder\TAppEncoder.exe.embed.manifest" /manifest "E:\Github\videocoding\HM-16.0\build\\vc10\x64\Debug\TAppEncoder\TAppEncoder.exe.intermediate.manifest"
         所有输出均为最新。
       LinkEmbedManifest:
         所有输出均为最新。
         TAppEncoder_vc10.vcxproj -> E:\Github\videocoding\HM-16.0\build\\..\bin\vc10\x64\Debug\TAppEncoder.exe
       FinalizeBuildStatus:
         正在删除文件“E:\Github\videocoding\HM-16.0\build\\vc10\x64\Debug\TAppEncoder\TAppEncoder.unsuccessfulbuild”。
         正在对“E:\Github\videocoding\HM-16.0\build\\vc10\x64\Debug\TAppEncoder\TAppEncoder.lastbuildstate”执行 Touch 任务。
     1>已完成生成项目“E:\Github\videocoding\HM-16.0\build\vc10\TAppEncoder_vc10.vcxproj”(build 个目标)的操作。

生成成功。

已用时间 00:00:01.50
