生成启动时间为 2015/3/13 14:17:51。
     1>项目“E:\Github\videocoding\HM-16.0\build\vc10\TLibDecoderAnalyser_vc10.vcxproj”在节点 5 上(rebuild 个目标)。
     1>_PrepareForClean:
         正在删除文件“E:\Github\videocoding\HM-16.0\build\\vc10\x64\Release\TLibDecoderAnalyser\TLibDecoderAnalyser.lastbuildstate”。
       InitializeBuildStatus:
         正在创建“E:\Github\videocoding\HM-16.0\build\\vc10\x64\Release\TLibDecoderAnalyser\TLibDecoderAnalyser.unsuccessfulbuild”，因为已指定“AlwaysCreate”。
       ClCompile:
         C:\Program Files (x86)\Microsoft Visual Studio 10.0\VC\bin\x86_amd64\CL.exe /c /I"E:\Github\videocoding\HM-16.0\build\\..\source\Lib\\" /I"E:\Github\videocoding\HM-16.0\build\\..\compat\msvc" /Zi /nologo /W3 /WX- /O2 /Ob2 /Ot /GL /D WIN32 /D _LIB /D _CRT_SECURE_NO_WARNINGS /D _MBCS /GF /Gm- /EHsc /MT /GS /Gy /fp:precise /Zc:wchar_t /Zc:forScope /Fo"E:\Github\videocoding\HM-16.0\build\\vc10\x64\Release\TLibDecoderAnalyser\\" /Fd"E:\Github\videocoding\HM-16.0\build\\vc10\x64\Release\TLibDecoderAnalyser\vc100.pdb" /Gd /TP /errorReport:prompt ..\..\source\Lib\TLibDecoder\AnnexBread.cpp ..\..\source\Lib\TLibDecoder\NALread.cpp ..\..\source\Lib\TLibDecoder\SEIread.cpp ..\..\source\Lib\TLibDecoder\SyntaxElementParser.cpp ..\..\source\Lib\TLibDecoder\TDecBinCoderCABAC.cpp ..\..\source\Lib\TLibDecoder\TDecCAVLC.cpp ..\..\source\Lib\TLibDecoder\TDecCu.cpp ..\..\source\Lib\TLibDecoder\TDecEntropy.cpp ..\..\source\Lib\TLibDecoder\TDecGop.cpp ..\..\source\Lib\TLibDecoder\TDecSbac.cpp ..\..\source\Lib\TLibDecoder\TDecSlice.cpp ..\..\source\Lib\TLibDecoder\TDecTop.cpp
         AnnexBread.cpp
         NALread.cpp
         SEIread.cpp
         SyntaxElementParser.cpp
         TDecBinCoderCABAC.cpp
         TDecCAVLC.cpp
         TDecCu.cpp
         TDecEntropy.cpp
         TDecGop.cpp
         TDecSbac.cpp
         TDecSlice.cpp
         TDecTop.cpp
       Lib:
         C:\Program Files (x86)\Microsoft Visual Studio 10.0\VC\bin\x86_amd64\Lib.exe /OUT:"E:\Github\videocoding\HM-16.0\build\\vc10\x64\Release\TLibDecoderAnalyser\TLibDecoderAnalyser.lib" /NOLOGO /LTCG "E:\Github\videocoding\HM-16.0\build\\vc10\x64\Release\TLibDecoderAnalyser\AnnexBread.obj"
         "E:\Github\videocoding\HM-16.0\build\\vc10\x64\Release\TLibDecoderAnalyser\NALread.obj"
         "E:\Github\videocoding\HM-16.0\build\\vc10\x64\Release\TLibDecoderAnalyser\SEIread.obj"
         "E:\Github\videocoding\HM-16.0\build\\vc10\x64\Release\TLibDecoderAnalyser\SyntaxElementParser.obj"
         "E:\Github\videocoding\HM-16.0\build\\vc10\x64\Release\TLibDecoderAnalyser\TDecBinCoderCABAC.obj"
         "E:\Github\videocoding\HM-16.0\build\\vc10\x64\Release\TLibDecoderAnalyser\TDecCAVLC.obj"
         "E:\Github\videocoding\HM-16.0\build\\vc10\x64\Release\TLibDecoderAnalyser\TDecCu.obj"
         "E:\Github\videocoding\HM-16.0\build\\vc10\x64\Release\TLibDecoderAnalyser\TDecEntropy.obj"
         "E:\Github\videocoding\HM-16.0\build\\vc10\x64\Release\TLibDecoderAnalyser\TDecGop.obj"
         "E:\Github\videocoding\HM-16.0\build\\vc10\x64\Release\TLibDecoderAnalyser\TDecSbac.obj"
         "E:\Github\videocoding\HM-16.0\build\\vc10\x64\Release\TLibDecoderAnalyser\TDecSlice.obj"
         "E:\Github\videocoding\HM-16.0\build\\vc10\x64\Release\TLibDecoderAnalyser\TDecTop.obj"
         TLibDecoderAnalyser_vc10.vcxproj -> E:\Github\videocoding\HM-16.0\build\\vc10\x64\Release\TLibDecoderAnalyser\TLibDecoderAnalyser.lib
       FinalizeBuildStatus:
         正在删除文件“E:\Github\videocoding\HM-16.0\build\\vc10\x64\Release\TLibDecoderAnalyser\TLibDecoderAnalyser.unsuccessfulbuild”。
         正在对“E:\Github\videocoding\HM-16.0\build\\vc10\x64\Release\TLibDecoderAnalyser\TLibDecoderAnalyser.lastbuildstate”执行 Touch 任务。
     1>已完成生成项目“E:\Github\videocoding\HM-16.0\build\vc10\TLibDecoderAnalyser_vc10.vcxproj”(rebuild 个目标)的操作。

生成成功。

已用时间 00:00:09.06
