E:\Github\videocoding\HM-16.0\build\\vc10\x64\Release\TLibDecoderAnalyser\TLibDecoderAnalyser.lib
E:\GITHUB\VIDEOCODING\HM-16.0\BUILD\VC10\X64\RELEASE\TLIBDECODERANALYSER\ANNEXBREAD.OBJ
E:\Github\videocoding\HM-16.0\build\vc10\x64\Release\TLibDecoderAnalyser\cl.command.1.tlog
E:\Github\videocoding\HM-16.0\build\vc10\x64\Release\TLibDecoderAnalyser\CL.read.1.tlog
E:\Github\videocoding\HM-16.0\build\vc10\x64\Release\TLibDecoderAnalyser\CL.write.1.tlog
E:\Github\videocoding\HM-16.0\build\vc10\x64\Release\TLibDecoderAnalyser\lib.command.1.tlog
E:\Github\videocoding\HM-16.0\build\vc10\x64\Release\TLibDecoderAnalyser\Lib-link.read.1.tlog
E:\Github\videocoding\HM-16.0\build\vc10\x64\Release\TLibDecoderAnalyser\Lib-link.write.1.tlog
E:\GITHUB\VIDEOCODING\HM-16.0\BUILD\VC10\X64\RELEASE\TLIBDECODERANALYSER\NALREAD.OBJ
E:\GITHUB\VIDEOCODING\HM-16.0\BUILD\VC10\X64\RELEASE\TLIBDECODERANALYSER\SEIREAD.OBJ
E:\GITHUB\VIDEOCODING\HM-16.0\BUILD\VC10\X64\RELEASE\TLIBDECODERANALYSER\SYNTAXELEMENTPARSER.OBJ
E:\GITHUB\VIDEOCODING\HM-16.0\BUILD\VC10\X64\RELEASE\TLIBDECODERANALYSER\TDECBINCODERCABAC.OBJ
E:\GITHUB\VIDEOCODING\HM-16.0\BUILD\VC10\X64\RELEASE\TLIBDECODERANALYSER\TDECCAVLC.OBJ
E:\GITHUB\VIDEOCODING\HM-16.0\BUILD\VC10\X64\RELEASE\TLIBDECODERANALYSER\TDECCU.OBJ
E:\GITHUB\VIDEOCODING\HM-16.0\BUILD\VC10\X64\RELEASE\TLIBDECODERANALYSER\TDECENTROPY.OBJ
E:\GITHUB\VIDEOCODING\HM-16.0\BUILD\VC10\X64\RELEASE\TLIBDECODERANALYSER\TDECGOP.OBJ
E:\GITHUB\VIDEOCODING\HM-16.0\BUILD\VC10\X64\RELEASE\TLIBDECODERANALYSER\TDECSBAC.OBJ
E:\GITHUB\VIDEOCODING\HM-16.0\BUILD\VC10\X64\RELEASE\TLIBDECODERANALYSER\TDECSLICE.OBJ
E:\GITHUB\VIDEOCODING\HM-16.0\BUILD\VC10\X64\RELEASE\TLIBDECODERANALYSER\TDECTOP.OBJ
E:\GITHUB\VIDEOCODING\HM-16.0\BUILD\VC10\X64\RELEASE\TLIBDECODERANALYSER\TLIBDECODERANALYSER.LIB
E:\Github\videocoding\HM-16.0\build\vc10\x64\Release\TLibDecoderAnalyser\TLibDecoderAnalyser.write.1.tlog
E:\GITHUB\VIDEOCODING\HM-16.0\BUILD\VC10\X64\RELEASE\TLIBDECODERANALYSER\VC100.PDB
